C51 COMPILER V9.60.7.0   DS18B20                                                           11/14/2023 20:26:08 PAGE 1   


C51 COMPILER V9.60.7.0, COMPILATION OF MODULE DS18B20
OBJECT MODULE PLACED IN .\Objects\ds18b20.obj
COMPILER INVOKED BY: D:\c51\C51\BIN\C51.EXE Ds18b20\ds18b20.c OPTIMIZE(8,SPEED) BROWSE INCDIR(.\Delay;.\Keyboard;.\Nixie
                    -;.\Timer;.\Ds18b20;.\Ch451) DEBUG OBJECTEXTEND PRINT(.\Listings\ds18b20.lst) TABS(2) OBJECT(.\Objects\ds18b20.obj)

line level    source

   1          #include"ds18b20.h"
   2          
   3          #include<intrins.h>
   4          
   5          
   6          void delay_10us(unsigned char n){
   7   1        unsigned char i;
   8   1        for(i=n; i>0; --i){
   9   2          _nop_();
  10   2          //_nop_(); //???12MHz
  11   2        }
  12   1      }
  13          
  14          void reset_ds18b20(void){
  15   1          DQ_H;             //  DQ???
  16   1        delay_10us(10);     //  ??
  17   1          DQ_L;               //  ??????
  18   1        delay_10us(60);     //  ??(480us - 960us)
  19   1          DQ_H;             //  ?????
  20   1        delay_10us(24);     //  DS18B20???????,??60-240us
  21   1      }
  22          
  23          void write_byte(unsigned char dat){ 
  24   1        unsigned char i=0;    
  25   1        for (i = 8; i > 0; i--){
  26   2          //??????????????,???????
  27   2          if(dat & 0x01)
  28   2              {
  29   3            DQ_L;
  30   3            _nop_(); _nop_(); //?? 2us
  31   3                  DQ_H;   //????
  32   3            delay_10us(6);
  33   3              }
  34   2              else
  35   2              {
  36   3            DQ_L;
  37   3            delay_10us(6);
  38   3                  DQ_H;
  39   3            _nop_(); _nop_(); //?? 2us
  40   3              }
  41   2          dat>>=1;
  42   2        }
  43   1        delay_10us(3);
  44   1      }
  45          
  46          
  47          unsigned char read_byte(void)       
  48          {
  49   1        unsigned char i = 0;    
  50   1        unsigned char dat = 0;
  51   1        bit b;
  52   1          //????????
  53   1          for (i = 8; i > 0; i--)     
  54   1        {
C51 COMPILER V9.60.7.0   DS18B20                                                           11/14/2023 20:26:08 PAGE 2   

  55   2          DQ_L;
  56   2          _nop_(); _nop_(); //?? 2us
  57   2          DQ_H;  //????
  58   2          dat >>= 1;  //???15us????, ???????????
  59   2          b= DQ;
  60   2      
  61   2            if (DQ){
  62   3                  dat|=0x80;
  63   3              }
  64   2      
  65   2          delay_10us(6);
  66   2        }
  67   1          return(dat);
  68   1      }
  69          
  70          int GetTemp(){
  71   1          unsigned char tempL;
  72   1        short tempH;
  73   1          int k;
  74   1          reset_ds18b20();
  75   1        write_byte(0xcc);
  76   1        write_byte(0x44);
  77   1        reset_ds18b20();
  78   1        write_byte(0xcc);
  79   1        write_byte(0xbe);
  80   1        tempL=read_byte();
  81   1        tempH=read_byte();
  82   1        tempH=(tempH<<8)| tempL;
  83   1        if((tempH|0xf800)==0xf800)
  84   1          tempH=~tempH+1; 
  85   1        k=tempH*0.625;
  86   1          return k;
  87   1      }


MODULE INFORMATION:   STATIC OVERLAYABLE
   CODE SIZE        =    195    ----
   CONSTANT SIZE    =   ----    ----
   XDATA SIZE       =   ----    ----
   PDATA SIZE       =   ----    ----
   DATA SIZE        =   ----    ----
   IDATA SIZE       =   ----    ----
   BIT SIZE         =   ----       1
END OF MODULE INFORMATION.


C51 COMPILATION COMPLETE.  0 WARNING(S),  0 ERROR(S)
