C51 COMPILER V9.60.7.0   KEYBOARD                                                          11/14/2023 20:26:08 PAGE 1   


C51 COMPILER V9.60.7.0, COMPILATION OF MODULE KEYBOARD
OBJECT MODULE PLACED IN .\Objects\keyboard.obj
COMPILER INVOKED BY: D:\c51\C51\BIN\C51.EXE Keyboard\keyboard.c OPTIMIZE(8,SPEED) BROWSE INCDIR(.\Delay;.\Keyboard;.\Nix
                    -ie;.\Timer;.\Ds18b20;.\Ch451) DEBUG OBJECTEXTEND PRINT(.\Listings\keyboard.lst) TABS(2) OBJECT(.\Objects\keyboard.obj)

line level    source

   1          #include"keyboard.h"
   2          #include"delay.h"
   3          #include"ch451.h"
   4          
   5          #include<reg51.h>
   6          
   7          unsigned char Convert(unsigned char key){
   8   1        key&=0x3f;
   9   1        if(key>=0x00&&key<=0x03) return key;
  10   1        else if(key>=0x08&&key<=0x0b) return key-0x04;
  11   1        else if(key>=0x10&&key<=0x13) return key-0x08;
  12   1        return key-0x0c;
  13   1      }
  14          
  15          unsigned char GetKey()
  16          {
  17   1        unsigned char key_num=0xff;
  18   1        key_num=ch451_key;
  19   1        ch451_key=0xff;
  20   1        return Convert(key_num);
  21   1      }


MODULE INFORMATION:   STATIC OVERLAYABLE
   CODE SIZE        =     66    ----
   CONSTANT SIZE    =   ----    ----
   XDATA SIZE       =   ----    ----
   PDATA SIZE       =   ----    ----
   DATA SIZE        =   ----    ----
   IDATA SIZE       =   ----    ----
   BIT SIZE         =   ----    ----
END OF MODULE INFORMATION.


C51 COMPILATION COMPLETE.  0 WARNING(S),  0 ERROR(S)
