C51 COMPILER V9.60.7.0   TIMER                                                             11/13/2023 21:03:42 PAGE 1   


C51 COMPILER V9.60.7.0, COMPILATION OF MODULE TIMER
OBJECT MODULE PLACED IN .\Objects\timer.obj
COMPILER INVOKED BY: D:\c51\C51\BIN\C51.EXE Timer\timer.c OPTIMIZE(8,SPEED) BROWSE INCDIR(.\Delay;.\Keyboard;.\Nixie;.\T
                    -imer;.\Ds18b20) DEBUG OBJECTEXTEND PRINT(.\Listings\timer.lst) TABS(2) OBJECT(.\Objects\timer.obj)

line level    source

   1          #include"timer.h"
   2          #include"nixie.h"
   3          #include"delay.h"
   4          
   5          #include<regx52.h>
   6          
   7          
   8          int state=INIT;
   9          int time_min=0;
  10          int time_s=0;
  11          
  12          int time=20;
  13          unsigned char key=0xff;
  14          
  15          unsigned char nixie_buf[8]={SEGNONE};
  16          
  17          
  18          void InitTimer0()
  19          {
  20   1        TMOD=0x01;
  21   1        TH0=0x3c;
  22   1        TL0=0xb0;
  23   1        ET0=1;
  24   1        EA=1;
  25   1      }
  26          
  27          void RefreshNixie(){
  28   1        int i;
  29   1        for(i=0;i<8;i++){
  30   2          nixie_buf[i]=SEGNONE;
  31   2        }
  32   1      }
  33          
  34          // 0
  35          void InitState(){
  36   1        RefreshNixie();
  37   1        time=20;
  38   1        time_min=0;
  39   1        time_s=0;
  40   1        TR0=0;
  41   1        #ifdef DEBUG
                nixie_buf[7]=INIT;
                #endif
  44   1        
  45   1        if(key==SETTIME) state = PREPARE1;
  46   1      }
  47          
  48          // 1
  49          void PrepareState1(){
  50   1        RefreshNixie();
  51   1        #ifdef DEBUG
                nixie_buf[7]=PREPARE1;
                #endif
  54   1          if(key!=0xff){
C51 COMPILER V9.60.7.0   TIMER                                                             11/13/2023 21:03:42 PAGE 2   

  55   2            if(key<0x0a&&key>=0x00){
  56   3              time_min=key;
  57   3              nixie_buf[2]=time_min;
  58   3              state=PREPARE2;
  59   3            }
  60   2            else if(key==END) state=INIT;
  61   2          }
  62   1      }
  63          
  64          // 2
  65          void PrepareState2(){
  66   1        RefreshNixie();
  67   1        nixie_buf[2]=time_min;
  68   1        #ifdef DEBUG
                nixie_buf[7]=PREPARE2;
                #endif
  71   1          if(key!=0xff){
  72   2              if(key<=0x06 && key>=0x00){
  73   3                  time_s=key;
  74   3                nixie_buf[1]=time_min;
  75   3                nixie_buf[2]=time_s;
  76   3                  state=PREPARE3;
  77   3              }
  78   2              else if(key==END) state=INIT;
  79   2          }
  80   1      }
  81          
  82          // 3
  83          void PrepareState3(){
  84   1        RefreshNixie();
  85   1        nixie_buf[1]=time_min;
  86   1        nixie_buf[2]=time_s;
  87   1        #ifdef DEBUG
                nixie_buf[7]=PREPARE3;
                #endif
  90   1          if(key!=0xff){
  91   2              if(key<0x0a && key>=0x00){
  92   3                  time_s=time_s*10 + key;
  93   3                  state=PREPAREWELL;
  94   3              }
  95   2              else if(key==END) state=INIT;
  96   2          }
  97   1      }
  98          
  99          // 6
 100          void PrepareWell(){
 101   1          RefreshNixie();
 102   1        nixie_buf[0]=time_min;
 103   1        nixie_buf[1]=time_s/10;
 104   1        nixie_buf[2]=time_s%10;
 105   1        #ifdef DEBUG
                nixie_buf[7]=PREPAREWELL;
                #endif
 108   1        if(key!=0xff){
 109   2          if(key==START){
 110   3              TR0=1;
 111   3              state=CLOCK;
 112   3          }
 113   2          else if(key==END) state=INIT;
 114   2        }
 115   1      }
 116          
C51 COMPILER V9.60.7.0   TIMER                                                             11/13/2023 21:03:42 PAGE 3   

 117          // 4
 118          void ClockState(){
 119   1          RefreshNixie();
 120   1        nixie_buf[0]=time_min;
 121   1        nixie_buf[1]=time_s/10;
 122   1        nixie_buf[2]=time_s%10;
 123   1        #ifdef DEBUG
                nixie_buf[7]=CLOCK;
                #endif
 126   1        if(key!=0xff){
 127   2          if(key==PAUSE){
 128   3              TR0=0;
 129   3              state=FREEZE;
 130   3          }
 131   2          else if(key==END) state=INIT;
 132   2        }
 133   1      }
 134          
 135          // 5
 136          void FreezeState(){
 137   1          RefreshNixie();
 138   1        nixie_buf[0]=time_min;
 139   1        nixie_buf[1]=time_s/10;
 140   1        nixie_buf[2]=time_s%10;
 141   1        #ifdef DEBUG
                nixie_buf[7]=FREEZE;
                #endif
 144   1        if(key!=0xff){
 145   2          if(key==START){
 146   3              TR0=1;
 147   3              state=CLOCK;
 148   3          }
 149   2          else if(key==END) state=INIT;
 150   2        }
 151   1      }
 152          
 153          void time0() interrupt 1{
 154   1        #ifdef DEBUG
                nixie_buf[6]=8;
                #endif
 157   1        time--;
 158   1          if(!time){
 159   2              time_s--;
 160   2              if(time_s<0){
 161   3                  time_s=59;
 162   3                  time_min--;
 163   3                  if(time_min<0){
 164   4                      TR0=0;
 165   4                      state=INIT;
 166   4                    Delay(0.1);
 167   4                      return;
 168   4                  }
 169   3              }
 170   2              time=20;
 171   2          }
 172   1        TH0=0x3c;
 173   1        TL0=0xb0;
 174   1      }


MODULE INFORMATION:   STATIC OVERLAYABLE
   CODE SIZE        =    554    ----
C51 COMPILER V9.60.7.0   TIMER                                                             11/13/2023 21:03:42 PAGE 4   

   CONSTANT SIZE    =   ----    ----
   XDATA SIZE       =   ----    ----
   PDATA SIZE       =   ----    ----
   DATA SIZE        =     17    ----
   IDATA SIZE       =   ----    ----
   BIT SIZE         =   ----    ----
END OF MODULE INFORMATION.


C51 COMPILATION COMPLETE.  0 WARNING(S),  0 ERROR(S)
